<?xml version="1.0"?>
<phpbench xmlns:xsi="http://www.w3.org/2001/XMLSchema-instance" version="1.2.7"><suite tag="baseline" context="baseline" date="2022-12-18T08:43:33+00:00" config-path="/Users/shimon/PhpstormProjects/appwrite/phpbench.json" uuid="1348d2295de88eca5673e917696c25275adbb32f"><env><uname><value name="os" type="string">Darwin</value><value name="host" type="string">shimons-MBP-2.lan</value><value name="release" type="string">21.2.0</value><value name="version" type="string">Darwin Kernel Version 21.2.0: Sun Nov 28 20:28:41 PST 2021; root:xnu-8019.61.5~1/RELEASE_ARM64_T6000</value><value name="machine" type="string">arm64</value></uname><php><value name="xdebug" type="boolean"></value><value name="version" type="string">8.1.4</value><value name="ini" type="string">/opt/homebrew/etc/php/8.1/php.ini</value><value name="extensions" type="string">Core, date, libxml, openssl, pcre, sqlite3, zlib, bcmath, bz2, calendar, ctype, curl, dba, dom, hash, FFI, fileinfo, filter, ftp, gd, gettext, gmp, json, iconv, intl, SPL, ldap, mbstring, session, standard, odbc, pcntl, exif, mysqlnd, PDO, pdo_dblib, pdo_mysql, PDO_ODBC, pdo_pgsql, pdo_sqlite, pgsql, Phar, posix, pspell, readline, Reflection, mysqli, shmop, SimpleXML, soap, sockets, sodium, sysvmsg, sysvsem, sysvshm, tidy, tokenizer, xml, xmlreader, xmlwriter, xsl, zip, Zend OPcache</value></php><opcache><value name="extension_loaded" type="boolean">1</value><value name="enabled" type="boolean"></value></opcache><vcs><value name="system" type="string">git</value><value name="branch" type="string">feat-new-usage-stats</value><value name="version" type="string">e748bb20e4fbabeb599c70a609eabc0df9aad858</value></vcs><sampler><value name="nothing" type="double">0.010013580322266</value><value name="md5" type="double">0.1530647277832</value><value name="file_rw" type="double">2.2110939025879</value></sampler></env><benchmark class="\Tests\Benchmarks\Services\Databases\DatabasesCustomClientBench"><subject name="benchDocumentCreate"><executor name="remote"><parameter name="php_config" type="collection"/><parameter name="safe_parameters" value="1" type="boolean"/><parameter name="executor" value="remote" type="string"/></executor><variant sleep="0" output-time-unit="microseconds" output-time-precision="" output-mode="time" revs="1000" warmup="1" retry-threshold="5"><parameter-set name=""/><errors><error exception-class="PhpBench\Executor\Exception\ExecutionError" code="0" file="/Users/shimon/PhpstormProjects/appwrite/vendor/phpbench/phpbench/lib/Executor/Benchmark/TemplateExecutor.php" line="64">Benchmarking script exited with code 255

PHP Fatal error:  Uncaught Error: Call to protected method Tests\E2E\Scopes\Scope::setUp() from global scope in /private/var/folders/rb/_mcfgdss43337_gvkgz360d40000gn/T/PhpBenchZ5b675:43
Stack trace:
#0 {main}
  thrown in /private/var/folders/rb/_mcfgdss43337_gvkgz360d40000gn/T/PhpBenchZ5b675 on line 43

Fatal error: Uncaught Error: Call to protected method Tests\E2E\Scopes\Scope::setUp() from global scope in /private/var/folders/rb/_mcfgdss43337_gvkgz360d40000gn/T/PhpBenchZ5b675:43
Stack trace:
#0 {main}
  thrown in /private/var/folders/rb/_mcfgdss43337_gvkgz360d40000gn/T/PhpBenchZ5b675 on line 43
</error></errors></variant></subject><subject name="benchDocumentReadList"><executor name="remote"><parameter name="php_config" type="collection"/><parameter name="safe_parameters" value="1" type="boolean"/><parameter name="executor" value="remote" type="string"/></executor><variant sleep="0" output-time-unit="microseconds" output-time-precision="" output-mode="time" revs="1000" warmup="1" retry-threshold="5"><parameter-set name="1 Document"><parameter name="documents" value="1" type="integer"/></parameter-set><errors><error exception-class="PhpBench\Executor\Exception\ExecutionError" code="0" file="/Users/shimon/PhpstormProjects/appwrite/vendor/phpbench/phpbench/lib/Executor/Benchmark/TemplateExecutor.php" line="64">Benchmarking script exited with code 255

PHP Fatal error:  Uncaught Error: Call to protected method Tests\E2E\Scopes\Scope::setUp() from global scope in /private/var/folders/rb/_mcfgdss43337_gvkgz360d40000gn/T/PhpBench4u3IB5:45
Stack trace:
#0 {main}
  thrown in /private/var/folders/rb/_mcfgdss43337_gvkgz360d40000gn/T/PhpBench4u3IB5 on line 45

Fatal error: Uncaught Error: Call to protected method Tests\E2E\Scopes\Scope::setUp() from global scope in /private/var/folders/rb/_mcfgdss43337_gvkgz360d40000gn/T/PhpBench4u3IB5:45
Stack trace:
#0 {main}
  thrown in /private/var/folders/rb/_mcfgdss43337_gvkgz360d40000gn/T/PhpBench4u3IB5 on line 45
</error></errors></variant><variant sleep="0" output-time-unit="microseconds" output-time-precision="" output-mode="time" revs="1000" warmup="1" retry-threshold="5"><parameter-set name="10 Documents"><parameter name="documents" value="10" type="integer"/></parameter-set><errors><error exception-class="PhpBench\Executor\Exception\ExecutionError" code="0" file="/Users/shimon/PhpstormProjects/appwrite/vendor/phpbench/phpbench/lib/Executor/Benchmark/TemplateExecutor.php" line="64">Benchmarking script exited with code 255

PHP Fatal error:  Uncaught Error: Call to protected method Tests\E2E\Scopes\Scope::setUp() from global scope in /private/var/folders/rb/_mcfgdss43337_gvkgz360d40000gn/T/PhpBenchsZgeq1:45
Stack trace:
#0 {main}
  thrown in /private/var/folders/rb/_mcfgdss43337_gvkgz360d40000gn/T/PhpBenchsZgeq1 on line 45

Fatal error: Uncaught Error: Call to protected method Tests\E2E\Scopes\Scope::setUp() from global scope in /private/var/folders/rb/_mcfgdss43337_gvkgz360d40000gn/T/PhpBenchsZgeq1:45
Stack trace:
#0 {main}
  thrown in /private/var/folders/rb/_mcfgdss43337_gvkgz360d40000gn/T/PhpBenchsZgeq1 on line 45
</error></errors></variant><variant sleep="0" output-time-unit="microseconds" output-time-precision="" output-mode="time" revs="1000" warmup="1" retry-threshold="5"><parameter-set name="100 Documents"><parameter name="documents" value="100" type="integer"/></parameter-set><errors><error exception-class="PhpBench\Executor\Exception\ExecutionError" code="0" file="/Users/shimon/PhpstormProjects/appwrite/vendor/phpbench/phpbench/lib/Executor/Benchmark/TemplateExecutor.php" line="64">Benchmarking script exited with code 255

PHP Fatal error:  Uncaught Error: Call to protected method Tests\E2E\Scopes\Scope::setUp() from global scope in /private/var/folders/rb/_mcfgdss43337_gvkgz360d40000gn/T/PhpBenchqE0JdC:45
Stack trace:
#0 {main}
  thrown in /private/var/folders/rb/_mcfgdss43337_gvkgz360d40000gn/T/PhpBenchqE0JdC on line 45

Fatal error: Uncaught Error: Call to protected method Tests\E2E\Scopes\Scope::setUp() from global scope in /private/var/folders/rb/_mcfgdss43337_gvkgz360d40000gn/T/PhpBenchqE0JdC:45
Stack trace:
#0 {main}
  thrown in /private/var/folders/rb/_mcfgdss43337_gvkgz360d40000gn/T/PhpBenchqE0JdC on line 45
</error></errors></variant></subject><subject name="benchDocumentRead"><executor name="remote"><parameter name="php_config" type="collection"/><parameter name="safe_parameters" value="1" type="boolean"/><parameter name="executor" value="remote" type="string"/></executor><variant sleep="0" output-time-unit="microseconds" output-time-precision="" output-mode="time" revs="1000" warmup="1" retry-threshold="5"><parameter-set name=""/><errors><error exception-class="PhpBench\Executor\Exception\ExecutionError" code="0" file="/Users/shimon/PhpstormProjects/appwrite/vendor/phpbench/phpbench/lib/Executor/Benchmark/TemplateExecutor.php" line="64">Benchmarking script exited with code 255

PHP Fatal error:  Uncaught Error: Call to protected method Tests\E2E\Scopes\Scope::setUp() from global scope in /private/var/folders/rb/_mcfgdss43337_gvkgz360d40000gn/T/PhpBencheZLAa9:44
Stack trace:
#0 {main}
  thrown in /private/var/folders/rb/_mcfgdss43337_gvkgz360d40000gn/T/PhpBencheZLAa9 on line 44

Fatal error: Uncaught Error: Call to protected method Tests\E2E\Scopes\Scope::setUp() from global scope in /private/var/folders/rb/_mcfgdss43337_gvkgz360d40000gn/T/PhpBencheZLAa9:44
Stack trace:
#0 {main}
  thrown in /private/var/folders/rb/_mcfgdss43337_gvkgz360d40000gn/T/PhpBencheZLAa9 on line 44
</error></errors></variant></subject><subject name="benchDocumentUpdate"><executor name="remote"><parameter name="php_config" type="collection"/><parameter name="safe_parameters" value="1" type="boolean"/><parameter name="executor" value="remote" type="string"/></executor><variant sleep="0" output-time-unit="microseconds" output-time-precision="" output-mode="time" revs="1000" warmup="1" retry-threshold="5"><parameter-set name=""/><errors><error exception-class="PhpBench\Executor\Exception\ExecutionError" code="0" file="/Users/shimon/PhpstormProjects/appwrite/vendor/phpbench/phpbench/lib/Executor/Benchmark/TemplateExecutor.php" line="64">Benchmarking script exited with code 255

PHP Fatal error:  Uncaught Error: Call to protected method Tests\E2E\Scopes\Scope::setUp() from global scope in /private/var/folders/rb/_mcfgdss43337_gvkgz360d40000gn/T/PhpBenchIlFsCM:44
Stack trace:
#0 {main}
  thrown in /private/var/folders/rb/_mcfgdss43337_gvkgz360d40000gn/T/PhpBenchIlFsCM on line 44

Fatal error: Uncaught Error: Call to protected method Tests\E2E\Scopes\Scope::setUp() from global scope in /private/var/folders/rb/_mcfgdss43337_gvkgz360d40000gn/T/PhpBenchIlFsCM:44
Stack trace:
#0 {main}
  thrown in /private/var/folders/rb/_mcfgdss43337_gvkgz360d40000gn/T/PhpBenchIlFsCM on line 44
</error></errors></variant></subject></benchmark><benchmark class="\Tests\Benchmarks\Services\Databases\DatabasesCustomServerBench"><subject name="benchDocumentCreate"><executor name="remote"><parameter name="php_config" type="collection"/><parameter name="safe_parameters" value="1" type="boolean"/><parameter name="executor" value="remote" type="string"/></executor><variant sleep="0" output-time-unit="microseconds" output-time-precision="" output-mode="time" revs="1000" warmup="1" retry-threshold="5"><parameter-set name=""/><errors><error exception-class="PhpBench\Executor\Exception\ExecutionError" code="0" file="/Users/shimon/PhpstormProjects/appwrite/vendor/phpbench/phpbench/lib/Executor/Benchmark/TemplateExecutor.php" line="64">Benchmarking script exited with code 255

PHP Fatal error:  Uncaught Error: Call to protected method Tests\E2E\Scopes\Scope::setUp() from global scope in /private/var/folders/rb/_mcfgdss43337_gvkgz360d40000gn/T/PhpBenchYtJuTT:43
Stack trace:
#0 {main}
  thrown in /private/var/folders/rb/_mcfgdss43337_gvkgz360d40000gn/T/PhpBenchYtJuTT on line 43

Fatal error: Uncaught Error: Call to protected method Tests\E2E\Scopes\Scope::setUp() from global scope in /private/var/folders/rb/_mcfgdss43337_gvkgz360d40000gn/T/PhpBenchYtJuTT:43
Stack trace:
#0 {main}
  thrown in /private/var/folders/rb/_mcfgdss43337_gvkgz360d40000gn/T/PhpBenchYtJuTT on line 43
</error></errors></variant></subject><subject name="benchDocumentReadList"><executor name="remote"><parameter name="php_config" type="collection"/><parameter name="safe_parameters" value="1" type="boolean"/><parameter name="executor" value="remote" type="string"/></executor><variant sleep="0" output-time-unit="microseconds" output-time-precision="" output-mode="time" revs="1000" warmup="1" retry-threshold="5"><parameter-set name="1 Document"><parameter name="documents" value="1" type="integer"/></parameter-set><errors><error exception-class="PhpBench\Executor\Exception\ExecutionError" code="0" file="/Users/shimon/PhpstormProjects/appwrite/vendor/phpbench/phpbench/lib/Executor/Benchmark/TemplateExecutor.php" line="64">Benchmarking script exited with code 255

PHP Fatal error:  Uncaught Error: Call to protected method Tests\E2E\Scopes\Scope::setUp() from global scope in /private/var/folders/rb/_mcfgdss43337_gvkgz360d40000gn/T/PhpBenchxxY5DD:45
Stack trace:
#0 {main}
  thrown in /private/var/folders/rb/_mcfgdss43337_gvkgz360d40000gn/T/PhpBenchxxY5DD on line 45

Fatal error: Uncaught Error: Call to protected method Tests\E2E\Scopes\Scope::setUp() from global scope in /private/var/folders/rb/_mcfgdss43337_gvkgz360d40000gn/T/PhpBenchxxY5DD:45
Stack trace:
#0 {main}
  thrown in /private/var/folders/rb/_mcfgdss43337_gvkgz360d40000gn/T/PhpBenchxxY5DD on line 45
</error></errors></variant><variant sleep="0" output-time-unit="microseconds" output-time-precision="" output-mode="time" revs="1000" warmup="1" retry-threshold="5"><parameter-set name="10 Documents"><parameter name="documents" value="10" type="integer"/></parameter-set><errors><error exception-class="PhpBench\Executor\Exception\ExecutionError" code="0" file="/Users/shimon/PhpstormProjects/appwrite/vendor/phpbench/phpbench/lib/Executor/Benchmark/TemplateExecutor.php" line="64">Benchmarking script exited with code 255

PHP Fatal error:  Uncaught Error: Call to protected method Tests\E2E\Scopes\Scope::setUp() from global scope in /private/var/folders/rb/_mcfgdss43337_gvkgz360d40000gn/T/PhpBenchwDArkF:45
Stack trace:
#0 {main}
  thrown in /private/var/folders/rb/_mcfgdss43337_gvkgz360d40000gn/T/PhpBenchwDArkF on line 45

Fatal error: Uncaught Error: Call to protected method Tests\E2E\Scopes\Scope::setUp() from global scope in /private/var/folders/rb/_mcfgdss43337_gvkgz360d40000gn/T/PhpBenchwDArkF:45
Stack trace:
#0 {main}
  thrown in /private/var/folders/rb/_mcfgdss43337_gvkgz360d40000gn/T/PhpBenchwDArkF on line 45
</error></errors></variant><variant sleep="0" output-time-unit="microseconds" output-time-precision="" output-mode="time" revs="1000" warmup="1" retry-threshold="5"><parameter-set name="100 Documents"><parameter name="documents" value="100" type="integer"/></parameter-set><errors><error exception-class="PhpBench\Executor\Exception\ExecutionError" code="0" file="/Users/shimon/PhpstormProjects/appwrite/vendor/phpbench/phpbench/lib/Executor/Benchmark/TemplateExecutor.php" line="64">Benchmarking script exited with code 255

PHP Fatal error:  Uncaught Error: Call to protected method Tests\E2E\Scopes\Scope::setUp() from global scope in /private/var/folders/rb/_mcfgdss43337_gvkgz360d40000gn/T/PhpBenchtNBFNs:45
Stack trace:
#0 {main}
  thrown in /private/var/folders/rb/_mcfgdss43337_gvkgz360d40000gn/T/PhpBenchtNBFNs on line 45

Fatal error: Uncaught Error: Call to protected method Tests\E2E\Scopes\Scope::setUp() from global scope in /private/var/folders/rb/_mcfgdss43337_gvkgz360d40000gn/T/PhpBenchtNBFNs:45
Stack trace:
#0 {main}
  thrown in /private/var/folders/rb/_mcfgdss43337_gvkgz360d40000gn/T/PhpBenchtNBFNs on line 45
</error></errors></variant></subject><subject name="benchDocumentRead"><executor name="remote"><parameter name="php_config" type="collection"/><parameter name="safe_parameters" value="1" type="boolean"/><parameter name="executor" value="remote" type="string"/></executor><variant sleep="0" output-time-unit="microseconds" output-time-precision="" output-mode="time" revs="1000" warmup="1" retry-threshold="5"><parameter-set name=""/><errors><error exception-class="PhpBench\Executor\Exception\ExecutionError" code="0" file="/Users/shimon/PhpstormProjects/appwrite/vendor/phpbench/phpbench/lib/Executor/Benchmark/TemplateExecutor.php" line="64">Benchmarking script exited with code 255

PHP Fatal error:  Uncaught Error: Call to protected method Tests\E2E\Scopes\Scope::setUp() from global scope in /private/var/folders/rb/_mcfgdss43337_gvkgz360d40000gn/T/PhpBenchWJVbfc:44
Stack trace:
#0 {main}
  thrown in /private/var/folders/rb/_mcfgdss43337_gvkgz360d40000gn/T/PhpBenchWJVbfc on line 44

Fatal error: Uncaught Error: Call to protected method Tests\E2E\Scopes\Scope::setUp() from global scope in /private/var/folders/rb/_mcfgdss43337_gvkgz360d40000gn/T/PhpBenchWJVbfc:44
Stack trace:
#0 {main}
  thrown in /private/var/folders/rb/_mcfgdss43337_gvkgz360d40000gn/T/PhpBenchWJVbfc on line 44
</error></errors></variant></subject><subject name="benchDocumentUpdate"><executor name="remote"><parameter name="php_config" type="collection"/><parameter name="safe_parameters" value="1" type="boolean"/><parameter name="executor" value="remote" type="string"/></executor><variant sleep="0" output-time-unit="microseconds" output-time-precision="" output-mode="time" revs="1000" warmup="1" retry-threshold="5"><parameter-set name=""/><errors><error exception-class="PhpBench\Executor\Exception\ExecutionError" code="0" file="/Users/shimon/PhpstormProjects/appwrite/vendor/phpbench/phpbench/lib/Executor/Benchmark/TemplateExecutor.php" line="64">Benchmarking script exited with code 255

PHP Fatal error:  Uncaught Error: Call to protected method Tests\E2E\Scopes\Scope::setUp() from global scope in /private/var/folders/rb/_mcfgdss43337_gvkgz360d40000gn/T/PhpBenchbR0JkD:44
Stack trace:
#0 {main}
  thrown in /private/var/folders/rb/_mcfgdss43337_gvkgz360d40000gn/T/PhpBenchbR0JkD on line 44

Fatal error: Uncaught Error: Call to protected method Tests\E2E\Scopes\Scope::setUp() from global scope in /private/var/folders/rb/_mcfgdss43337_gvkgz360d40000gn/T/PhpBenchbR0JkD:44
Stack trace:
#0 {main}
  thrown in /private/var/folders/rb/_mcfgdss43337_gvkgz360d40000gn/T/PhpBenchbR0JkD on line 44
</error></errors></variant></subject></benchmark><benchmark class="\Tests\Benchmarks\Services\Storage\StorageCustomServerBench"><subject name="benchFileCreate"><executor name="remote"><parameter name="php_config" type="collection"/><parameter name="safe_parameters" value="1" type="boolean"/><parameter name="executor" value="remote" type="string"/></executor><variant sleep="0" output-time-unit="microseconds" output-time-precision="" output-mode="time" revs="1000" warmup="1" retry-threshold="5"><parameter-set name=""/><errors><error exception-class="PhpBench\Executor\Exception\ExecutionError" code="0" file="/Users/shimon/PhpstormProjects/appwrite/vendor/phpbench/phpbench/lib/Executor/Benchmark/TemplateExecutor.php" line="64">Benchmarking script exited with code 255

PHP Fatal error:  Uncaught Error: Call to protected method Tests\E2E\Scopes\Scope::setUp() from global scope in /private/var/folders/rb/_mcfgdss43337_gvkgz360d40000gn/T/PhpBenchujmIJP:42
Stack trace:
#0 {main}
  thrown in /private/var/folders/rb/_mcfgdss43337_gvkgz360d40000gn/T/PhpBenchujmIJP on line 42

Fatal error: Uncaught Error: Call to protected method Tests\E2E\Scopes\Scope::setUp() from global scope in /private/var/folders/rb/_mcfgdss43337_gvkgz360d40000gn/T/PhpBenchujmIJP:42
Stack trace:
#0 {main}
  thrown in /private/var/folders/rb/_mcfgdss43337_gvkgz360d40000gn/T/PhpBenchujmIJP on line 42
</error></errors></variant></subject><subject name="benchFileReadList"><executor name="remote"><parameter name="php_config" type="collection"/><parameter name="safe_parameters" value="1" type="boolean"/><parameter name="executor" value="remote" type="string"/></executor><variant sleep="0" output-time-unit="microseconds" output-time-precision="" output-mode="time" revs="1000" warmup="1" retry-threshold="5"><parameter-set name="10 Files"><parameter name="files" value="10" type="integer"/></parameter-set><errors><error exception-class="PhpBench\Executor\Exception\ExecutionError" code="0" file="/Users/shimon/PhpstormProjects/appwrite/vendor/phpbench/phpbench/lib/Executor/Benchmark/TemplateExecutor.php" line="64">Benchmarking script exited with code 255

PHP Fatal error:  Uncaught Error: Call to protected method Tests\E2E\Scopes\Scope::setUp() from global scope in /private/var/folders/rb/_mcfgdss43337_gvkgz360d40000gn/T/PhpBenchp3OR3E:44
Stack trace:
#0 {main}
  thrown in /private/var/folders/rb/_mcfgdss43337_gvkgz360d40000gn/T/PhpBenchp3OR3E on line 44

Fatal error: Uncaught Error: Call to protected method Tests\E2E\Scopes\Scope::setUp() from global scope in /private/var/folders/rb/_mcfgdss43337_gvkgz360d40000gn/T/PhpBenchp3OR3E:44
Stack trace:
#0 {main}
  thrown in /private/var/folders/rb/_mcfgdss43337_gvkgz360d40000gn/T/PhpBenchp3OR3E on line 44
</error></errors></variant><variant sleep="0" output-time-unit="microseconds" output-time-precision="" output-mode="time" revs="1000" warmup="1" retry-threshold="5"><parameter-set name="100 Files"><parameter name="files" value="100" type="integer"/></parameter-set><errors><error exception-class="PhpBench\Executor\Exception\ExecutionError" code="0" file="/Users/shimon/PhpstormProjects/appwrite/vendor/phpbench/phpbench/lib/Executor/Benchmark/TemplateExecutor.php" line="64">Benchmarking script exited with code 255

PHP Fatal error:  Uncaught Error: Call to protected method Tests\E2E\Scopes\Scope::setUp() from global scope in /private/var/folders/rb/_mcfgdss43337_gvkgz360d40000gn/T/PhpBenchXn1h5d:44
Stack trace:
#0 {main}
  thrown in /private/var/folders/rb/_mcfgdss43337_gvkgz360d40000gn/T/PhpBenchXn1h5d on line 44

Fatal error: Uncaught Error: Call to protected method Tests\E2E\Scopes\Scope::setUp() from global scope in /private/var/folders/rb/_mcfgdss43337_gvkgz360d40000gn/T/PhpBenchXn1h5d:44
Stack trace:
#0 {main}
  thrown in /private/var/folders/rb/_mcfgdss43337_gvkgz360d40000gn/T/PhpBenchXn1h5d on line 44
</error></errors></variant></subject><subject name="benchFileRead"><executor name="remote"><parameter name="php_config" type="collection"/><parameter name="safe_parameters" value="1" type="boolean"/><parameter name="executor" value="remote" type="string"/></executor><variant sleep="0" output-time-unit="microseconds" output-time-precision="" output-mode="time" revs="1000" warmup="1" retry-threshold="5"><parameter-set name=""/><errors><error exception-class="PhpBench\Executor\Exception\ExecutionError" code="0" file="/Users/shimon/PhpstormProjects/appwrite/vendor/phpbench/phpbench/lib/Executor/Benchmark/TemplateExecutor.php" line="64">Benchmarking script exited with code 255

PHP Fatal error:  Uncaught Error: Call to protected method Tests\E2E\Scopes\Scope::setUp() from global scope in /private/var/folders/rb/_mcfgdss43337_gvkgz360d40000gn/T/PhpBenchFvo8gu:43
Stack trace:
#0 {main}
  thrown in /private/var/folders/rb/_mcfgdss43337_gvkgz360d40000gn/T/PhpBenchFvo8gu on line 43

Fatal error: Uncaught Error: Call to protected method Tests\E2E\Scopes\Scope::setUp() from global scope in /private/var/folders/rb/_mcfgdss43337_gvkgz360d40000gn/T/PhpBenchFvo8gu:43
Stack trace:
#0 {main}
  thrown in /private/var/folders/rb/_mcfgdss43337_gvkgz360d40000gn/T/PhpBenchFvo8gu on line 43
</error></errors></variant></subject><subject name="benchFileUpdate"><executor name="remote"><parameter name="php_config" type="collection"/><parameter name="safe_parameters" value="1" type="boolean"/><parameter name="executor" value="remote" type="string"/></executor><variant sleep="0" output-time-unit="microseconds" output-time-precision="" output-mode="time" revs="1000" warmup="1" retry-threshold="5"><parameter-set name=""/><errors><error exception-class="PhpBench\Executor\Exception\ExecutionError" code="0" file="/Users/shimon/PhpstormProjects/appwrite/vendor/phpbench/phpbench/lib/Executor/Benchmark/TemplateExecutor.php" line="64">Benchmarking script exited with code 255

PHP Fatal error:  Uncaught Error: Call to protected method Tests\E2E\Scopes\Scope::setUp() from global scope in /private/var/folders/rb/_mcfgdss43337_gvkgz360d40000gn/T/PhpBenchmgD6QC:43
Stack trace:
#0 {main}
  thrown in /private/var/folders/rb/_mcfgdss43337_gvkgz360d40000gn/T/PhpBenchmgD6QC on line 43

Fatal error: Uncaught Error: Call to protected method Tests\E2E\Scopes\Scope::setUp() from global scope in /private/var/folders/rb/_mcfgdss43337_gvkgz360d40000gn/T/PhpBenchmgD6QC:43
Stack trace:
#0 {main}
  thrown in /private/var/folders/rb/_mcfgdss43337_gvkgz360d40000gn/T/PhpBenchmgD6QC on line 43
</error></errors></variant></subject></benchmark><benchmark class="\Tests\Benchmarks\Services\Storage\StorageCustomClientBench"><subject name="benchFileCreate"><executor name="remote"><parameter name="php_config" type="collection"/><parameter name="safe_parameters" value="1" type="boolean"/><parameter name="executor" value="remote" type="string"/></executor><variant sleep="0" output-time-unit="microseconds" output-time-precision="" output-mode="time" revs="1000" warmup="1" retry-threshold="5"><parameter-set name=""/><errors><error exception-class="PhpBench\Executor\Exception\ExecutionError" code="0" file="/Users/shimon/PhpstormProjects/appwrite/vendor/phpbench/phpbench/lib/Executor/Benchmark/TemplateExecutor.php" line="64">Benchmarking script exited with code 255

PHP Fatal error:  Uncaught Error: Call to protected method Tests\E2E\Scopes\Scope::setUp() from global scope in /private/var/folders/rb/_mcfgdss43337_gvkgz360d40000gn/T/PhpBenchAp5Aw9:42
Stack trace:
#0 {main}
  thrown in /private/var/folders/rb/_mcfgdss43337_gvkgz360d40000gn/T/PhpBenchAp5Aw9 on line 42

Fatal error: Uncaught Error: Call to protected method Tests\E2E\Scopes\Scope::setUp() from global scope in /private/var/folders/rb/_mcfgdss43337_gvkgz360d40000gn/T/PhpBenchAp5Aw9:42
Stack trace:
#0 {main}
  thrown in /private/var/folders/rb/_mcfgdss43337_gvkgz360d40000gn/T/PhpBenchAp5Aw9 on line 42
</error></errors></variant></subject><subject name="benchFileReadList"><executor name="remote"><parameter name="php_config" type="collection"/><parameter name="safe_parameters" value="1" type="boolean"/><parameter name="executor" value="remote" type="string"/></executor><variant sleep="0" output-time-unit="microseconds" output-time-precision="" output-mode="time" revs="1000" warmup="1" retry-threshold="5"><parameter-set name="10 Files"><parameter name="files" value="10" type="integer"/></parameter-set><errors><error exception-class="PhpBench\Executor\Exception\ExecutionError" code="0" file="/Users/shimon/PhpstormProjects/appwrite/vendor/phpbench/phpbench/lib/Executor/Benchmark/TemplateExecutor.php" line="64">Benchmarking script exited with code 255

PHP Fatal error:  Uncaught Error: Call to protected method Tests\E2E\Scopes\Scope::setUp() from global scope in /private/var/folders/rb/_mcfgdss43337_gvkgz360d40000gn/T/PhpBenchyGH9er:44
Stack trace:
#0 {main}
  thrown in /private/var/folders/rb/_mcfgdss43337_gvkgz360d40000gn/T/PhpBenchyGH9er on line 44

Fatal error: Uncaught Error: Call to protected method Tests\E2E\Scopes\Scope::setUp() from global scope in /private/var/folders/rb/_mcfgdss43337_gvkgz360d40000gn/T/PhpBenchyGH9er:44
Stack trace:
#0 {main}
  thrown in /private/var/folders/rb/_mcfgdss43337_gvkgz360d40000gn/T/PhpBenchyGH9er on line 44
</error></errors></variant><variant sleep="0" output-time-unit="microseconds" output-time-precision="" output-mode="time" revs="1000" warmup="1" retry-threshold="5"><parameter-set name="100 Files"><parameter name="files" value="100" type="integer"/></parameter-set><errors><error exception-class="PhpBench\Executor\Exception\ExecutionError" code="0" file="/Users/shimon/PhpstormProjects/appwrite/vendor/phpbench/phpbench/lib/Executor/Benchmark/TemplateExecutor.php" line="64">Benchmarking script exited with code 255

PHP Fatal error:  Uncaught Error: Call to protected method Tests\E2E\Scopes\Scope::setUp() from global scope in /private/var/folders/rb/_mcfgdss43337_gvkgz360d40000gn/T/PhpBenchMjWI1S:44
Stack trace:
#0 {main}
  thrown in /private/var/folders/rb/_mcfgdss43337_gvkgz360d40000gn/T/PhpBenchMjWI1S on line 44

Fatal error: Uncaught Error: Call to protected method Tests\E2E\Scopes\Scope::setUp() from global scope in /private/var/folders/rb/_mcfgdss43337_gvkgz360d40000gn/T/PhpBenchMjWI1S:44
Stack trace:
#0 {main}
  thrown in /private/var/folders/rb/_mcfgdss43337_gvkgz360d40000gn/T/PhpBenchMjWI1S on line 44
</error></errors></variant></subject><subject name="benchFileRead"><executor name="remote"><parameter name="php_config" type="collection"/><parameter name="safe_parameters" value="1" type="boolean"/><parameter name="executor" value="remote" type="string"/></executor><variant sleep="0" output-time-unit="microseconds" output-time-precision="" output-mode="time" revs="1000" warmup="1" retry-threshold="5"><parameter-set name=""/><errors><error exception-class="PhpBench\Executor\Exception\ExecutionError" code="0" file="/Users/shimon/PhpstormProjects/appwrite/vendor/phpbench/phpbench/lib/Executor/Benchmark/TemplateExecutor.php" line="64">Benchmarking script exited with code 255

PHP Fatal error:  Uncaught Error: Call to protected method Tests\E2E\Scopes\Scope::setUp() from global scope in /private/var/folders/rb/_mcfgdss43337_gvkgz360d40000gn/T/PhpBench0s2VEn:43
Stack trace:
#0 {main}
  thrown in /private/var/folders/rb/_mcfgdss43337_gvkgz360d40000gn/T/PhpBench0s2VEn on line 43

Fatal error: Uncaught Error: Call to protected method Tests\E2E\Scopes\Scope::setUp() from global scope in /private/var/folders/rb/_mcfgdss43337_gvkgz360d40000gn/T/PhpBench0s2VEn:43
Stack trace:
#0 {main}
  thrown in /private/var/folders/rb/_mcfgdss43337_gvkgz360d40000gn/T/PhpBench0s2VEn on line 43
</error></errors></variant></subject><subject name="benchFileUpdate"><executor name="remote"><parameter name="php_config" type="collection"/><parameter name="safe_parameters" value="1" type="boolean"/><parameter name="executor" value="remote" type="string"/></executor><variant sleep="0" output-time-unit="microseconds" output-time-precision="" output-mode="time" revs="1000" warmup="1" retry-threshold="5"><parameter-set name=""/><errors><error exception-class="PhpBench\Executor\Exception\ExecutionError" code="0" file="/Users/shimon/PhpstormProjects/appwrite/vendor/phpbench/phpbench/lib/Executor/Benchmark/TemplateExecutor.php" line="64">Benchmarking script exited with code 255

PHP Fatal error:  Uncaught Error: Call to protected method Tests\E2E\Scopes\Scope::setUp() from global scope in /private/var/folders/rb/_mcfgdss43337_gvkgz360d40000gn/T/PhpBench5KF7Db:43
Stack trace:
#0 {main}
  thrown in /private/var/folders/rb/_mcfgdss43337_gvkgz360d40000gn/T/PhpBench5KF7Db on line 43

Fatal error: Uncaught Error: Call to protected method Tests\E2E\Scopes\Scope::setUp() from global scope in /private/var/folders/rb/_mcfgdss43337_gvkgz360d40000gn/T/PhpBench5KF7Db:43
Stack trace:
#0 {main}
  thrown in /private/var/folders/rb/_mcfgdss43337_gvkgz360d40000gn/T/PhpBench5KF7Db on line 43
</error></errors></variant></subject></benchmark><benchmark class="\Tests\Benchmarks\Services\Users\UserCustomServerBench"><subject name="benchUserCreate"><executor name="remote"><parameter name="php_config" type="collection"/><parameter name="safe_parameters" value="1" type="boolean"/><parameter name="executor" value="remote" type="string"/></executor><variant sleep="0" output-time-unit="microseconds" output-time-precision="" output-mode="time" revs="1000" warmup="1" retry-threshold="5"><parameter-set name=""/><errors><error exception-class="PhpBench\Executor\Exception\ExecutionError" code="0" file="/Users/shimon/PhpstormProjects/appwrite/vendor/phpbench/phpbench/lib/Executor/Benchmark/TemplateExecutor.php" line="64">Benchmarking script exited with code 255

PHP Fatal error:  Uncaught Error: Call to protected method Tests\E2E\Scopes\Scope::setUp() from global scope in /private/var/folders/rb/_mcfgdss43337_gvkgz360d40000gn/T/PhpBenchnMr4Nc:41
Stack trace:
#0 {main}
  thrown in /private/var/folders/rb/_mcfgdss43337_gvkgz360d40000gn/T/PhpBenchnMr4Nc on line 41

Fatal error: Uncaught Error: Call to protected method Tests\E2E\Scopes\Scope::setUp() from global scope in /private/var/folders/rb/_mcfgdss43337_gvkgz360d40000gn/T/PhpBenchnMr4Nc:41
Stack trace:
#0 {main}
  thrown in /private/var/folders/rb/_mcfgdss43337_gvkgz360d40000gn/T/PhpBenchnMr4Nc on line 41
</error></errors></variant></subject><subject name="benchUserReadList"><executor name="remote"><parameter name="php_config" type="collection"/><parameter name="safe_parameters" value="1" type="boolean"/><parameter name="executor" value="remote" type="string"/></executor><variant sleep="0" output-time-unit="microseconds" output-time-precision="" output-mode="time" revs="1000" warmup="1" retry-threshold="5"><parameter-set name="1 User"><parameter name="users" value="1" type="integer"/></parameter-set><errors><error exception-class="PhpBench\Executor\Exception\ExecutionError" code="0" file="/Users/shimon/PhpstormProjects/appwrite/vendor/phpbench/phpbench/lib/Executor/Benchmark/TemplateExecutor.php" line="64">Benchmarking script exited with code 255

PHP Fatal error:  Uncaught Error: Call to protected method Tests\E2E\Scopes\Scope::setUp() from global scope in /private/var/folders/rb/_mcfgdss43337_gvkgz360d40000gn/T/PhpBenchv0mHEM:43
Stack trace:
#0 {main}
  thrown in /private/var/folders/rb/_mcfgdss43337_gvkgz360d40000gn/T/PhpBenchv0mHEM on line 43

Fatal error: Uncaught Error: Call to protected method Tests\E2E\Scopes\Scope::setUp() from global scope in /private/var/folders/rb/_mcfgdss43337_gvkgz360d40000gn/T/PhpBenchv0mHEM:43
Stack trace:
#0 {main}
  thrown in /private/var/folders/rb/_mcfgdss43337_gvkgz360d40000gn/T/PhpBenchv0mHEM on line 43
</error></errors></variant><variant sleep="0" output-time-unit="microseconds" output-time-precision="" output-mode="time" revs="1000" warmup="1" retry-threshold="5"><parameter-set name="10 Users"><parameter name="users" value="10" type="integer"/></parameter-set><errors><error exception-class="PhpBench\Executor\Exception\ExecutionError" code="0" file="/Users/shimon/PhpstormProjects/appwrite/vendor/phpbench/phpbench/lib/Executor/Benchmark/TemplateExecutor.php" line="64">Benchmarking script exited with code 255

PHP Fatal error:  Uncaught Error: Call to protected method Tests\E2E\Scopes\Scope::setUp() from global scope in /private/var/folders/rb/_mcfgdss43337_gvkgz360d40000gn/T/PhpBenchgkNz6Z:43
Stack trace:
#0 {main}
  thrown in /private/var/folders/rb/_mcfgdss43337_gvkgz360d40000gn/T/PhpBenchgkNz6Z on line 43

Fatal error: Uncaught Error: Call to protected method Tests\E2E\Scopes\Scope::setUp() from global scope in /private/var/folders/rb/_mcfgdss43337_gvkgz360d40000gn/T/PhpBenchgkNz6Z:43
Stack trace:
#0 {main}
  thrown in /private/var/folders/rb/_mcfgdss43337_gvkgz360d40000gn/T/PhpBenchgkNz6Z on line 43
</error></errors></variant><variant sleep="0" output-time-unit="microseconds" output-time-precision="" output-mode="time" revs="1000" warmup="1" retry-threshold="5"><parameter-set name="100 Users"><parameter name="users" value="100" type="integer"/></parameter-set><errors><error exception-class="PhpBench\Executor\Exception\ExecutionError" code="0" file="/Users/shimon/PhpstormProjects/appwrite/vendor/phpbench/phpbench/lib/Executor/Benchmark/TemplateExecutor.php" line="64">Benchmarking script exited with code 255

PHP Fatal error:  Uncaught Error: Call to protected method Tests\E2E\Scopes\Scope::setUp() from global scope in /private/var/folders/rb/_mcfgdss43337_gvkgz360d40000gn/T/PhpBenchU91UlE:43
Stack trace:
#0 {main}
  thrown in /private/var/folders/rb/_mcfgdss43337_gvkgz360d40000gn/T/PhpBenchU91UlE on line 43

Fatal error: Uncaught Error: Call to protected method Tests\E2E\Scopes\Scope::setUp() from global scope in /private/var/folders/rb/_mcfgdss43337_gvkgz360d40000gn/T/PhpBenchU91UlE:43
Stack trace:
#0 {main}
  thrown in /private/var/folders/rb/_mcfgdss43337_gvkgz360d40000gn/T/PhpBenchU91UlE on line 43
</error></errors></variant></subject><subject name="benchUserRead"><executor name="remote"><parameter name="php_config" type="collection"/><parameter name="safe_parameters" value="1" type="boolean"/><parameter name="executor" value="remote" type="string"/></executor><variant sleep="0" output-time-unit="microseconds" output-time-precision="" output-mode="time" revs="1000" warmup="1" retry-threshold="5"><parameter-set name=""/><errors><error exception-class="PhpBench\Executor\Exception\ExecutionError" code="0" file="/Users/shimon/PhpstormProjects/appwrite/vendor/phpbench/phpbench/lib/Executor/Benchmark/TemplateExecutor.php" line="64">Benchmarking script exited with code 255

PHP Fatal error:  Uncaught Error: Call to protected method Tests\E2E\Scopes\Scope::setUp() from global scope in /private/var/folders/rb/_mcfgdss43337_gvkgz360d40000gn/T/PhpBench9TJdLy:42
Stack trace:
#0 {main}
  thrown in /private/var/folders/rb/_mcfgdss43337_gvkgz360d40000gn/T/PhpBench9TJdLy on line 42

Fatal error: Uncaught Error: Call to protected method Tests\E2E\Scopes\Scope::setUp() from global scope in /private/var/folders/rb/_mcfgdss43337_gvkgz360d40000gn/T/PhpBench9TJdLy:42
Stack trace:
#0 {main}
  thrown in /private/var/folders/rb/_mcfgdss43337_gvkgz360d40000gn/T/PhpBench9TJdLy on line 42
</error></errors></variant></subject><subject name="benchUserUpdate"><executor name="remote"><parameter name="php_config" type="collection"/><parameter name="safe_parameters" value="1" type="boolean"/><parameter name="executor" value="remote" type="string"/></executor><variant sleep="0" output-time-unit="microseconds" output-time-precision="" output-mode="time" revs="1000" warmup="1" retry-threshold="5"><parameter-set name=""/><errors><error exception-class="PhpBench\Executor\Exception\ExecutionError" code="0" file="/Users/shimon/PhpstormProjects/appwrite/vendor/phpbench/phpbench/lib/Executor/Benchmark/TemplateExecutor.php" line="64">Benchmarking script exited with code 255

PHP Fatal error:  Uncaught Error: Call to protected method Tests\E2E\Scopes\Scope::setUp() from global scope in /private/var/folders/rb/_mcfgdss43337_gvkgz360d40000gn/T/PhpBenchnxOSJv:42
Stack trace:
#0 {main}
  thrown in /private/var/folders/rb/_mcfgdss43337_gvkgz360d40000gn/T/PhpBenchnxOSJv on line 42

Fatal error: Uncaught Error: Call to protected method Tests\E2E\Scopes\Scope::setUp() from global scope in /private/var/folders/rb/_mcfgdss43337_gvkgz360d40000gn/T/PhpBenchnxOSJv:42
Stack trace:
#0 {main}
  thrown in /private/var/folders/rb/_mcfgdss43337_gvkgz360d40000gn/T/PhpBenchnxOSJv on line 42
</error></errors></variant></subject></benchmark><benchmark class="\Tests\Benchmarks\Services\Functions\FunctionsCustomServerBench"><subject name="benchExecutionCreate"><executor name="remote"><parameter name="php_config" type="collection"/><parameter name="safe_parameters" value="1" type="boolean"/><parameter name="executor" value="remote" type="string"/></executor><variant sleep="0" output-time-unit="microseconds" output-time-precision="" output-mode="time" revs="1000" warmup="1" retry-threshold="5"><parameter-set name=""/><errors><error exception-class="PhpBench\Executor\Exception\ExecutionError" code="0" file="/Users/shimon/PhpstormProjects/appwrite/vendor/phpbench/phpbench/lib/Executor/Benchmark/TemplateExecutor.php" line="64">Benchmarking script exited with code 255

PHP Fatal error:  Uncaught Error: Call to protected method Tests\E2E\Scopes\Scope::setUp() from global scope in /private/var/folders/rb/_mcfgdss43337_gvkgz360d40000gn/T/PhpBenchiFrJDl:45
Stack trace:
#0 {main}
  thrown in /private/var/folders/rb/_mcfgdss43337_gvkgz360d40000gn/T/PhpBenchiFrJDl on line 45

Fatal error: Uncaught Error: Call to protected method Tests\E2E\Scopes\Scope::setUp() from global scope in /private/var/folders/rb/_mcfgdss43337_gvkgz360d40000gn/T/PhpBenchiFrJDl:45
Stack trace:
#0 {main}
  thrown in /private/var/folders/rb/_mcfgdss43337_gvkgz360d40000gn/T/PhpBenchiFrJDl on line 45
</error></errors></variant></subject><subject name="benchDeploymentCreate"><executor name="remote"><parameter name="php_config" type="collection"/><parameter name="safe_parameters" value="1" type="boolean"/><parameter name="executor" value="remote" type="string"/></executor><variant sleep="0" output-time-unit="microseconds" output-time-precision="" output-mode="time" revs="1" warmup="1" retry-threshold="5"><parameter-set name=""/><errors><error exception-class="PhpBench\Executor\Exception\ExecutionError" code="0" file="/Users/shimon/PhpstormProjects/appwrite/vendor/phpbench/phpbench/lib/Executor/Benchmark/TemplateExecutor.php" line="64">Benchmarking script exited with code 255

PHP Fatal error:  Uncaught Error: Call to protected method Tests\E2E\Scopes\Scope::setUp() from global scope in /private/var/folders/rb/_mcfgdss43337_gvkgz360d40000gn/T/PhpBenchQXarZU:43
Stack trace:
#0 {main}
  thrown in /private/var/folders/rb/_mcfgdss43337_gvkgz360d40000gn/T/PhpBenchQXarZU on line 43

Fatal error: Uncaught Error: Call to protected method Tests\E2E\Scopes\Scope::setUp() from global scope in /private/var/folders/rb/_mcfgdss43337_gvkgz360d40000gn/T/PhpBenchQXarZU:43
Stack trace:
#0 {main}
  thrown in /private/var/folders/rb/_mcfgdss43337_gvkgz360d40000gn/T/PhpBenchQXarZU on line 43
</error></errors></variant></subject></benchmark><benchmark class="\Tests\Benchmarks\Services\Functions\FunctionsCustomClientBench"><subject name="benchExecutionCreate"><executor name="remote"><parameter name="php_config" type="collection"/><parameter name="safe_parameters" value="1" type="boolean"/><parameter name="executor" value="remote" type="string"/></executor><variant sleep="0" output-time-unit="microseconds" output-time-precision="" output-mode="time" revs="1000" warmup="1" retry-threshold="5"><parameter-set name=""/><errors><error exception-class="PhpBench\Executor\Exception\ExecutionError" code="0" file="/Users/shimon/PhpstormProjects/appwrite/vendor/phpbench/phpbench/lib/Executor/Benchmark/TemplateExecutor.php" line="64">Benchmarking script exited with code 255

PHP Fatal error:  Uncaught Error: Call to protected method Tests\E2E\Scopes\Scope::setUp() from global scope in /private/var/folders/rb/_mcfgdss43337_gvkgz360d40000gn/T/PhpBenchRAObyw:45
Stack trace:
#0 {main}
  thrown in /private/var/folders/rb/_mcfgdss43337_gvkgz360d40000gn/T/PhpBenchRAObyw on line 45

Fatal error: Uncaught Error: Call to protected method Tests\E2E\Scopes\Scope::setUp() from global scope in /private/var/folders/rb/_mcfgdss43337_gvkgz360d40000gn/T/PhpBenchRAObyw:45
Stack trace:
#0 {main}
  thrown in /private/var/folders/rb/_mcfgdss43337_gvkgz360d40000gn/T/PhpBenchRAObyw on line 45
</error></errors></variant></subject></benchmark></suite></phpbench>
