<?xml version="1.0"?>
<phpbench xmlns:xsi="http://www.w3.org/2001/XMLSchema-instance" version="1.2.7"><suite tag="baseline" context="baseline" date="2022-12-18T08:39:00+00:00" config-path="/Users/shimon/PhpstormProjects/appwrite/phpbench.json" uuid="1348d223adf3eb006578a2d9d7e198f57d319de2"><env><uname><value name="os" type="string">Darwin</value><value name="host" type="string">shimons-MBP.lan</value><value name="release" type="string">21.2.0</value><value name="version" type="string">Darwin Kernel Version 21.2.0: Sun Nov 28 20:28:41 PST 2021; root:xnu-8019.61.5~1/RELEASE_ARM64_T6000</value><value name="machine" type="string">arm64</value></uname><php><value name="xdebug" type="boolean"></value><value name="version" type="string">8.1.4</value><value name="ini" type="string">/opt/homebrew/etc/php/8.1/php.ini</value><value name="extensions" type="string">Core, date, libxml, openssl, pcre, sqlite3, zlib, bcmath, bz2, calendar, ctype, curl, dba, dom, hash, FFI, fileinfo, filter, ftp, gd, gettext, gmp, json, iconv, intl, SPL, ldap, mbstring, session, standard, odbc, pcntl, exif, mysqlnd, PDO, pdo_dblib, pdo_mysql, PDO_ODBC, pdo_pgsql, pdo_sqlite, pgsql, Phar, posix, pspell, readline, Reflection, mysqli, shmop, SimpleXML, soap, sockets, sodium, sysvmsg, sysvsem, sysvshm, tidy, tokenizer, xml, xmlreader, xmlwriter, xsl, zip, Zend OPcache</value></php><opcache><value name="extension_loaded" type="boolean">1</value><value name="enabled" type="boolean"></value></opcache><vcs><value name="system" type="string">git</value><value name="branch" type="string">feat-new-usage-stats</value><value name="version" type="string">e748bb20e4fbabeb599c70a609eabc0df9aad858</value></vcs><sampler><value name="nothing" type="double">0.013113021850586</value><value name="md5" type="double">0.16498565673828</value><value name="file_rw" type="double">2.3658275604248</value></sampler></env><benchmark class="\Tests\Benchmarks\Services\Databases\DatabasesCustomClientBench"><subject name="benchDocumentCreate"><executor name="remote"><parameter name="php_config" type="collection"/><parameter name="safe_parameters" value="1" type="boolean"/><parameter name="executor" value="remote" type="string"/></executor><variant sleep="0" output-time-unit="microseconds" output-time-precision="" output-mode="time" revs="1000" warmup="1" retry-threshold="5"><parameter-set name=""/><errors><error exception-class="PhpBench\Executor\Exception\ExecutionError" code="0" file="/Users/shimon/PhpstormProjects/appwrite/vendor/phpbench/phpbench/lib/Executor/Benchmark/TemplateExecutor.php" line="64">Benchmarking script exited with code 255

PHP Fatal error:  Uncaught Error: Call to protected method Tests\E2E\Scopes\Scope::setUp() from global scope in /private/var/folders/rb/_mcfgdss43337_gvkgz360d40000gn/T/PhpBencheQBGuc:43
Stack trace:
#0 {main}
  thrown in /private/var/folders/rb/_mcfgdss43337_gvkgz360d40000gn/T/PhpBencheQBGuc on line 43

Fatal error: Uncaught Error: Call to protected method Tests\E2E\Scopes\Scope::setUp() from global scope in /private/var/folders/rb/_mcfgdss43337_gvkgz360d40000gn/T/PhpBencheQBGuc:43
Stack trace:
#0 {main}
  thrown in /private/var/folders/rb/_mcfgdss43337_gvkgz360d40000gn/T/PhpBencheQBGuc on line 43
</error></errors></variant></subject><subject name="benchDocumentReadList"><executor name="remote"><parameter name="php_config" type="collection"/><parameter name="safe_parameters" value="1" type="boolean"/><parameter name="executor" value="remote" type="string"/></executor><variant sleep="0" output-time-unit="microseconds" output-time-precision="" output-mode="time" revs="1000" warmup="1" retry-threshold="5"><parameter-set name="1 Document"><parameter name="documents" value="1" type="integer"/></parameter-set><errors><error exception-class="PhpBench\Executor\Exception\ExecutionError" code="0" file="/Users/shimon/PhpstormProjects/appwrite/vendor/phpbench/phpbench/lib/Executor/Benchmark/TemplateExecutor.php" line="64">Benchmarking script exited with code 255

PHP Fatal error:  Uncaught Error: Call to protected method Tests\E2E\Scopes\Scope::setUp() from global scope in /private/var/folders/rb/_mcfgdss43337_gvkgz360d40000gn/T/PhpBenchry8tcK:45
Stack trace:
#0 {main}
  thrown in /private/var/folders/rb/_mcfgdss43337_gvkgz360d40000gn/T/PhpBenchry8tcK on line 45

Fatal error: Uncaught Error: Call to protected method Tests\E2E\Scopes\Scope::setUp() from global scope in /private/var/folders/rb/_mcfgdss43337_gvkgz360d40000gn/T/PhpBenchry8tcK:45
Stack trace:
#0 {main}
  thrown in /private/var/folders/rb/_mcfgdss43337_gvkgz360d40000gn/T/PhpBenchry8tcK on line 45
</error></errors></variant><variant sleep="0" output-time-unit="microseconds" output-time-precision="" output-mode="time" revs="1000" warmup="1" retry-threshold="5"><parameter-set name="10 Documents"><parameter name="documents" value="10" type="integer"/></parameter-set><errors><error exception-class="PhpBench\Executor\Exception\ExecutionError" code="0" file="/Users/shimon/PhpstormProjects/appwrite/vendor/phpbench/phpbench/lib/Executor/Benchmark/TemplateExecutor.php" line="64">Benchmarking script exited with code 255

PHP Fatal error:  Uncaught Error: Call to protected method Tests\E2E\Scopes\Scope::setUp() from global scope in /private/var/folders/rb/_mcfgdss43337_gvkgz360d40000gn/T/PhpBenchFkkueC:45
Stack trace:
#0 {main}
  thrown in /private/var/folders/rb/_mcfgdss43337_gvkgz360d40000gn/T/PhpBenchFkkueC on line 45

Fatal error: Uncaught Error: Call to protected method Tests\E2E\Scopes\Scope::setUp() from global scope in /private/var/folders/rb/_mcfgdss43337_gvkgz360d40000gn/T/PhpBenchFkkueC:45
Stack trace:
#0 {main}
  thrown in /private/var/folders/rb/_mcfgdss43337_gvkgz360d40000gn/T/PhpBenchFkkueC on line 45
</error></errors></variant><variant sleep="0" output-time-unit="microseconds" output-time-precision="" output-mode="time" revs="1000" warmup="1" retry-threshold="5"><parameter-set name="100 Documents"><parameter name="documents" value="100" type="integer"/></parameter-set><errors><error exception-class="PhpBench\Executor\Exception\ExecutionError" code="0" file="/Users/shimon/PhpstormProjects/appwrite/vendor/phpbench/phpbench/lib/Executor/Benchmark/TemplateExecutor.php" line="64">Benchmarking script exited with code 255

PHP Fatal error:  Uncaught Error: Call to protected method Tests\E2E\Scopes\Scope::setUp() from global scope in /private/var/folders/rb/_mcfgdss43337_gvkgz360d40000gn/T/PhpBenchjOX0k4:45
Stack trace:
#0 {main}
  thrown in /private/var/folders/rb/_mcfgdss43337_gvkgz360d40000gn/T/PhpBenchjOX0k4 on line 45

Fatal error: Uncaught Error: Call to protected method Tests\E2E\Scopes\Scope::setUp() from global scope in /private/var/folders/rb/_mcfgdss43337_gvkgz360d40000gn/T/PhpBenchjOX0k4:45
Stack trace:
#0 {main}
  thrown in /private/var/folders/rb/_mcfgdss43337_gvkgz360d40000gn/T/PhpBenchjOX0k4 on line 45
</error></errors></variant></subject><subject name="benchDocumentRead"><executor name="remote"><parameter name="php_config" type="collection"/><parameter name="safe_parameters" value="1" type="boolean"/><parameter name="executor" value="remote" type="string"/></executor><variant sleep="0" output-time-unit="microseconds" output-time-precision="" output-mode="time" revs="1000" warmup="1" retry-threshold="5"><parameter-set name=""/><errors><error exception-class="PhpBench\Executor\Exception\ExecutionError" code="0" file="/Users/shimon/PhpstormProjects/appwrite/vendor/phpbench/phpbench/lib/Executor/Benchmark/TemplateExecutor.php" line="64">Benchmarking script exited with code 255

PHP Fatal error:  Uncaught Error: Call to protected method Tests\E2E\Scopes\Scope::setUp() from global scope in /private/var/folders/rb/_mcfgdss43337_gvkgz360d40000gn/T/PhpBenchbAYw1V:44
Stack trace:
#0 {main}
  thrown in /private/var/folders/rb/_mcfgdss43337_gvkgz360d40000gn/T/PhpBenchbAYw1V on line 44

Fatal error: Uncaught Error: Call to protected method Tests\E2E\Scopes\Scope::setUp() from global scope in /private/var/folders/rb/_mcfgdss43337_gvkgz360d40000gn/T/PhpBenchbAYw1V:44
Stack trace:
#0 {main}
  thrown in /private/var/folders/rb/_mcfgdss43337_gvkgz360d40000gn/T/PhpBenchbAYw1V on line 44
</error></errors></variant></subject><subject name="benchDocumentUpdate"><executor name="remote"><parameter name="php_config" type="collection"/><parameter name="safe_parameters" value="1" type="boolean"/><parameter name="executor" value="remote" type="string"/></executor><variant sleep="0" output-time-unit="microseconds" output-time-precision="" output-mode="time" revs="1000" warmup="1" retry-threshold="5"><parameter-set name=""/><errors><error exception-class="PhpBench\Executor\Exception\ExecutionError" code="0" file="/Users/shimon/PhpstormProjects/appwrite/vendor/phpbench/phpbench/lib/Executor/Benchmark/TemplateExecutor.php" line="64">Benchmarking script exited with code 255

PHP Fatal error:  Uncaught Error: Call to protected method Tests\E2E\Scopes\Scope::setUp() from global scope in /private/var/folders/rb/_mcfgdss43337_gvkgz360d40000gn/T/PhpBenchJc2UVG:44
Stack trace:
#0 {main}
  thrown in /private/var/folders/rb/_mcfgdss43337_gvkgz360d40000gn/T/PhpBenchJc2UVG on line 44

Fatal error: Uncaught Error: Call to protected method Tests\E2E\Scopes\Scope::setUp() from global scope in /private/var/folders/rb/_mcfgdss43337_gvkgz360d40000gn/T/PhpBenchJc2UVG:44
Stack trace:
#0 {main}
  thrown in /private/var/folders/rb/_mcfgdss43337_gvkgz360d40000gn/T/PhpBenchJc2UVG on line 44
</error></errors></variant></subject></benchmark><benchmark class="\Tests\Benchmarks\Services\Databases\DatabasesCustomServerBench"><subject name="benchDocumentCreate"><executor name="remote"><parameter name="php_config" type="collection"/><parameter name="safe_parameters" value="1" type="boolean"/><parameter name="executor" value="remote" type="string"/></executor><variant sleep="0" output-time-unit="microseconds" output-time-precision="" output-mode="time" revs="1000" warmup="1" retry-threshold="5"><parameter-set name=""/><errors><error exception-class="PhpBench\Executor\Exception\ExecutionError" code="0" file="/Users/shimon/PhpstormProjects/appwrite/vendor/phpbench/phpbench/lib/Executor/Benchmark/TemplateExecutor.php" line="64">Benchmarking script exited with code 255

PHP Fatal error:  Uncaught Error: Call to protected method Tests\E2E\Scopes\Scope::setUp() from global scope in /private/var/folders/rb/_mcfgdss43337_gvkgz360d40000gn/T/PhpBench3bcLiZ:43
Stack trace:
#0 {main}
  thrown in /private/var/folders/rb/_mcfgdss43337_gvkgz360d40000gn/T/PhpBench3bcLiZ on line 43

Fatal error: Uncaught Error: Call to protected method Tests\E2E\Scopes\Scope::setUp() from global scope in /private/var/folders/rb/_mcfgdss43337_gvkgz360d40000gn/T/PhpBench3bcLiZ:43
Stack trace:
#0 {main}
  thrown in /private/var/folders/rb/_mcfgdss43337_gvkgz360d40000gn/T/PhpBench3bcLiZ on line 43
</error></errors></variant></subject><subject name="benchDocumentReadList"><executor name="remote"><parameter name="php_config" type="collection"/><parameter name="safe_parameters" value="1" type="boolean"/><parameter name="executor" value="remote" type="string"/></executor><variant sleep="0" output-time-unit="microseconds" output-time-precision="" output-mode="time" revs="1000" warmup="1" retry-threshold="5"><parameter-set name="1 Document"><parameter name="documents" value="1" type="integer"/></parameter-set><errors><error exception-class="PhpBench\Executor\Exception\ExecutionError" code="0" file="/Users/shimon/PhpstormProjects/appwrite/vendor/phpbench/phpbench/lib/Executor/Benchmark/TemplateExecutor.php" line="64">Benchmarking script exited with code 255

PHP Fatal error:  Uncaught Error: Call to protected method Tests\E2E\Scopes\Scope::setUp() from global scope in /private/var/folders/rb/_mcfgdss43337_gvkgz360d40000gn/T/PhpBenchS11CsZ:45
Stack trace:
#0 {main}
  thrown in /private/var/folders/rb/_mcfgdss43337_gvkgz360d40000gn/T/PhpBenchS11CsZ on line 45

Fatal error: Uncaught Error: Call to protected method Tests\E2E\Scopes\Scope::setUp() from global scope in /private/var/folders/rb/_mcfgdss43337_gvkgz360d40000gn/T/PhpBenchS11CsZ:45
Stack trace:
#0 {main}
  thrown in /private/var/folders/rb/_mcfgdss43337_gvkgz360d40000gn/T/PhpBenchS11CsZ on line 45
</error></errors></variant><variant sleep="0" output-time-unit="microseconds" output-time-precision="" output-mode="time" revs="1000" warmup="1" retry-threshold="5"><parameter-set name="10 Documents"><parameter name="documents" value="10" type="integer"/></parameter-set><errors><error exception-class="PhpBench\Executor\Exception\ExecutionError" code="0" file="/Users/shimon/PhpstormProjects/appwrite/vendor/phpbench/phpbench/lib/Executor/Benchmark/TemplateExecutor.php" line="64">Benchmarking script exited with code 255

PHP Fatal error:  Uncaught Error: Call to protected method Tests\E2E\Scopes\Scope::setUp() from global scope in /private/var/folders/rb/_mcfgdss43337_gvkgz360d40000gn/T/PhpBenchwB1a7p:45
Stack trace:
#0 {main}
  thrown in /private/var/folders/rb/_mcfgdss43337_gvkgz360d40000gn/T/PhpBenchwB1a7p on line 45

Fatal error: Uncaught Error: Call to protected method Tests\E2E\Scopes\Scope::setUp() from global scope in /private/var/folders/rb/_mcfgdss43337_gvkgz360d40000gn/T/PhpBenchwB1a7p:45
Stack trace:
#0 {main}
  thrown in /private/var/folders/rb/_mcfgdss43337_gvkgz360d40000gn/T/PhpBenchwB1a7p on line 45
</error></errors></variant><variant sleep="0" output-time-unit="microseconds" output-time-precision="" output-mode="time" revs="1000" warmup="1" retry-threshold="5"><parameter-set name="100 Documents"><parameter name="documents" value="100" type="integer"/></parameter-set><errors><error exception-class="PhpBench\Executor\Exception\ExecutionError" code="0" file="/Users/shimon/PhpstormProjects/appwrite/vendor/phpbench/phpbench/lib/Executor/Benchmark/TemplateExecutor.php" line="64">Benchmarking script exited with code 255

PHP Fatal error:  Uncaught Error: Call to protected method Tests\E2E\Scopes\Scope::setUp() from global scope in /private/var/folders/rb/_mcfgdss43337_gvkgz360d40000gn/T/PhpBenchum6bLU:45
Stack trace:
#0 {main}
  thrown in /private/var/folders/rb/_mcfgdss43337_gvkgz360d40000gn/T/PhpBenchum6bLU on line 45

Fatal error: Uncaught Error: Call to protected method Tests\E2E\Scopes\Scope::setUp() from global scope in /private/var/folders/rb/_mcfgdss43337_gvkgz360d40000gn/T/PhpBenchum6bLU:45
Stack trace:
#0 {main}
  thrown in /private/var/folders/rb/_mcfgdss43337_gvkgz360d40000gn/T/PhpBenchum6bLU on line 45
</error></errors></variant></subject><subject name="benchDocumentRead"><executor name="remote"><parameter name="php_config" type="collection"/><parameter name="safe_parameters" value="1" type="boolean"/><parameter name="executor" value="remote" type="string"/></executor><variant sleep="0" output-time-unit="microseconds" output-time-precision="" output-mode="time" revs="1000" warmup="1" retry-threshold="5"><parameter-set name=""/><errors><error exception-class="PhpBench\Executor\Exception\ExecutionError" code="0" file="/Users/shimon/PhpstormProjects/appwrite/vendor/phpbench/phpbench/lib/Executor/Benchmark/TemplateExecutor.php" line="64">Benchmarking script exited with code 255

PHP Fatal error:  Uncaught Error: Call to protected method Tests\E2E\Scopes\Scope::setUp() from global scope in /private/var/folders/rb/_mcfgdss43337_gvkgz360d40000gn/T/PhpBenchRqq7a5:44
Stack trace:
#0 {main}
  thrown in /private/var/folders/rb/_mcfgdss43337_gvkgz360d40000gn/T/PhpBenchRqq7a5 on line 44

Fatal error: Uncaught Error: Call to protected method Tests\E2E\Scopes\Scope::setUp() from global scope in /private/var/folders/rb/_mcfgdss43337_gvkgz360d40000gn/T/PhpBenchRqq7a5:44
Stack trace:
#0 {main}
  thrown in /private/var/folders/rb/_mcfgdss43337_gvkgz360d40000gn/T/PhpBenchRqq7a5 on line 44
</error></errors></variant></subject><subject name="benchDocumentUpdate"><executor name="remote"><parameter name="php_config" type="collection"/><parameter name="safe_parameters" value="1" type="boolean"/><parameter name="executor" value="remote" type="string"/></executor><variant sleep="0" output-time-unit="microseconds" output-time-precision="" output-mode="time" revs="1000" warmup="1" retry-threshold="5"><parameter-set name=""/><errors><error exception-class="PhpBench\Executor\Exception\ExecutionError" code="0" file="/Users/shimon/PhpstormProjects/appwrite/vendor/phpbench/phpbench/lib/Executor/Benchmark/TemplateExecutor.php" line="64">Benchmarking script exited with code 255

PHP Fatal error:  Uncaught Error: Call to protected method Tests\E2E\Scopes\Scope::setUp() from global scope in /private/var/folders/rb/_mcfgdss43337_gvkgz360d40000gn/T/PhpBenchlSePFX:44
Stack trace:
#0 {main}
  thrown in /private/var/folders/rb/_mcfgdss43337_gvkgz360d40000gn/T/PhpBenchlSePFX on line 44

Fatal error: Uncaught Error: Call to protected method Tests\E2E\Scopes\Scope::setUp() from global scope in /private/var/folders/rb/_mcfgdss43337_gvkgz360d40000gn/T/PhpBenchlSePFX:44
Stack trace:
#0 {main}
  thrown in /private/var/folders/rb/_mcfgdss43337_gvkgz360d40000gn/T/PhpBenchlSePFX on line 44
</error></errors></variant></subject></benchmark><benchmark class="\Tests\Benchmarks\Services\Storage\StorageCustomServerBench"><subject name="benchFileCreate"><executor name="remote"><parameter name="php_config" type="collection"/><parameter name="safe_parameters" value="1" type="boolean"/><parameter name="executor" value="remote" type="string"/></executor><variant sleep="0" output-time-unit="microseconds" output-time-precision="" output-mode="time" revs="1000" warmup="1" retry-threshold="5"><parameter-set name=""/><errors><error exception-class="PhpBench\Executor\Exception\ExecutionError" code="0" file="/Users/shimon/PhpstormProjects/appwrite/vendor/phpbench/phpbench/lib/Executor/Benchmark/TemplateExecutor.php" line="64">Benchmarking script exited with code 255

PHP Fatal error:  Uncaught Error: Call to protected method Tests\E2E\Scopes\Scope::setUp() from global scope in /private/var/folders/rb/_mcfgdss43337_gvkgz360d40000gn/T/PhpBenchONgvy4:42
Stack trace:
#0 {main}
  thrown in /private/var/folders/rb/_mcfgdss43337_gvkgz360d40000gn/T/PhpBenchONgvy4 on line 42

Fatal error: Uncaught Error: Call to protected method Tests\E2E\Scopes\Scope::setUp() from global scope in /private/var/folders/rb/_mcfgdss43337_gvkgz360d40000gn/T/PhpBenchONgvy4:42
Stack trace:
#0 {main}
  thrown in /private/var/folders/rb/_mcfgdss43337_gvkgz360d40000gn/T/PhpBenchONgvy4 on line 42
</error></errors></variant></subject><subject name="benchFileReadList"><executor name="remote"><parameter name="php_config" type="collection"/><parameter name="safe_parameters" value="1" type="boolean"/><parameter name="executor" value="remote" type="string"/></executor><variant sleep="0" output-time-unit="microseconds" output-time-precision="" output-mode="time" revs="1000" warmup="1" retry-threshold="5"><parameter-set name="10 Files"><parameter name="files" value="10" type="integer"/></parameter-set><errors><error exception-class="PhpBench\Executor\Exception\ExecutionError" code="0" file="/Users/shimon/PhpstormProjects/appwrite/vendor/phpbench/phpbench/lib/Executor/Benchmark/TemplateExecutor.php" line="64">Benchmarking script exited with code 255

PHP Fatal error:  Uncaught Error: Call to protected method Tests\E2E\Scopes\Scope::setUp() from global scope in /private/var/folders/rb/_mcfgdss43337_gvkgz360d40000gn/T/PhpBenchp5ny4V:44
Stack trace:
#0 {main}
  thrown in /private/var/folders/rb/_mcfgdss43337_gvkgz360d40000gn/T/PhpBenchp5ny4V on line 44

Fatal error: Uncaught Error: Call to protected method Tests\E2E\Scopes\Scope::setUp() from global scope in /private/var/folders/rb/_mcfgdss43337_gvkgz360d40000gn/T/PhpBenchp5ny4V:44
Stack trace:
#0 {main}
  thrown in /private/var/folders/rb/_mcfgdss43337_gvkgz360d40000gn/T/PhpBenchp5ny4V on line 44
</error></errors></variant><variant sleep="0" output-time-unit="microseconds" output-time-precision="" output-mode="time" revs="1000" warmup="1" retry-threshold="5"><parameter-set name="100 Files"><parameter name="files" value="100" type="integer"/></parameter-set><errors><error exception-class="PhpBench\Executor\Exception\ExecutionError" code="0" file="/Users/shimon/PhpstormProjects/appwrite/vendor/phpbench/phpbench/lib/Executor/Benchmark/TemplateExecutor.php" line="64">Benchmarking script exited with code 255

PHP Fatal error:  Uncaught Error: Call to protected method Tests\E2E\Scopes\Scope::setUp() from global scope in /private/var/folders/rb/_mcfgdss43337_gvkgz360d40000gn/T/PhpBenchVybVP1:44
Stack trace:
#0 {main}
  thrown in /private/var/folders/rb/_mcfgdss43337_gvkgz360d40000gn/T/PhpBenchVybVP1 on line 44

Fatal error: Uncaught Error: Call to protected method Tests\E2E\Scopes\Scope::setUp() from global scope in /private/var/folders/rb/_mcfgdss43337_gvkgz360d40000gn/T/PhpBenchVybVP1:44
Stack trace:
#0 {main}
  thrown in /private/var/folders/rb/_mcfgdss43337_gvkgz360d40000gn/T/PhpBenchVybVP1 on line 44
</error></errors></variant></subject><subject name="benchFileRead"><executor name="remote"><parameter name="php_config" type="collection"/><parameter name="safe_parameters" value="1" type="boolean"/><parameter name="executor" value="remote" type="string"/></executor><variant sleep="0" output-time-unit="microseconds" output-time-precision="" output-mode="time" revs="1000" warmup="1" retry-threshold="5"><parameter-set name=""/><errors><error exception-class="PhpBench\Executor\Exception\ExecutionError" code="0" file="/Users/shimon/PhpstormProjects/appwrite/vendor/phpbench/phpbench/lib/Executor/Benchmark/TemplateExecutor.php" line="64">Benchmarking script exited with code 255

PHP Fatal error:  Uncaught Error: Call to protected method Tests\E2E\Scopes\Scope::setUp() from global scope in /private/var/folders/rb/_mcfgdss43337_gvkgz360d40000gn/T/PhpBenchYZxhup:43
Stack trace:
#0 {main}
  thrown in /private/var/folders/rb/_mcfgdss43337_gvkgz360d40000gn/T/PhpBenchYZxhup on line 43

Fatal error: Uncaught Error: Call to protected method Tests\E2E\Scopes\Scope::setUp() from global scope in /private/var/folders/rb/_mcfgdss43337_gvkgz360d40000gn/T/PhpBenchYZxhup:43
Stack trace:
#0 {main}
  thrown in /private/var/folders/rb/_mcfgdss43337_gvkgz360d40000gn/T/PhpBenchYZxhup on line 43
</error></errors></variant></subject><subject name="benchFileUpdate"><executor name="remote"><parameter name="php_config" type="collection"/><parameter name="safe_parameters" value="1" type="boolean"/><parameter name="executor" value="remote" type="string"/></executor><variant sleep="0" output-time-unit="microseconds" output-time-precision="" output-mode="time" revs="1000" warmup="1" retry-threshold="5"><parameter-set name=""/><errors><error exception-class="PhpBench\Executor\Exception\ExecutionError" code="0" file="/Users/shimon/PhpstormProjects/appwrite/vendor/phpbench/phpbench/lib/Executor/Benchmark/TemplateExecutor.php" line="64">Benchmarking script exited with code 255

PHP Fatal error:  Uncaught Error: Call to protected method Tests\E2E\Scopes\Scope::setUp() from global scope in /private/var/folders/rb/_mcfgdss43337_gvkgz360d40000gn/T/PhpBenchcMwCdc:43
Stack trace:
#0 {main}
  thrown in /private/var/folders/rb/_mcfgdss43337_gvkgz360d40000gn/T/PhpBenchcMwCdc on line 43

Fatal error: Uncaught Error: Call to protected method Tests\E2E\Scopes\Scope::setUp() from global scope in /private/var/folders/rb/_mcfgdss43337_gvkgz360d40000gn/T/PhpBenchcMwCdc:43
Stack trace:
#0 {main}
  thrown in /private/var/folders/rb/_mcfgdss43337_gvkgz360d40000gn/T/PhpBenchcMwCdc on line 43
</error></errors></variant></subject></benchmark><benchmark class="\Tests\Benchmarks\Services\Storage\StorageCustomClientBench"><subject name="benchFileCreate"><executor name="remote"><parameter name="php_config" type="collection"/><parameter name="safe_parameters" value="1" type="boolean"/><parameter name="executor" value="remote" type="string"/></executor><variant sleep="0" output-time-unit="microseconds" output-time-precision="" output-mode="time" revs="1000" warmup="1" retry-threshold="5"><parameter-set name=""/><errors><error exception-class="PhpBench\Executor\Exception\ExecutionError" code="0" file="/Users/shimon/PhpstormProjects/appwrite/vendor/phpbench/phpbench/lib/Executor/Benchmark/TemplateExecutor.php" line="64">Benchmarking script exited with code 255

PHP Fatal error:  Uncaught Error: Call to protected method Tests\E2E\Scopes\Scope::setUp() from global scope in /private/var/folders/rb/_mcfgdss43337_gvkgz360d40000gn/T/PhpBenchGFNSfZ:42
Stack trace:
#0 {main}
  thrown in /private/var/folders/rb/_mcfgdss43337_gvkgz360d40000gn/T/PhpBenchGFNSfZ on line 42

Fatal error: Uncaught Error: Call to protected method Tests\E2E\Scopes\Scope::setUp() from global scope in /private/var/folders/rb/_mcfgdss43337_gvkgz360d40000gn/T/PhpBenchGFNSfZ:42
Stack trace:
#0 {main}
  thrown in /private/var/folders/rb/_mcfgdss43337_gvkgz360d40000gn/T/PhpBenchGFNSfZ on line 42
</error></errors></variant></subject><subject name="benchFileReadList"><executor name="remote"><parameter name="php_config" type="collection"/><parameter name="safe_parameters" value="1" type="boolean"/><parameter name="executor" value="remote" type="string"/></executor><variant sleep="0" output-time-unit="microseconds" output-time-precision="" output-mode="time" revs="1000" warmup="1" retry-threshold="5"><parameter-set name="10 Files"><parameter name="files" value="10" type="integer"/></parameter-set><errors><error exception-class="PhpBench\Executor\Exception\ExecutionError" code="0" file="/Users/shimon/PhpstormProjects/appwrite/vendor/phpbench/phpbench/lib/Executor/Benchmark/TemplateExecutor.php" line="64">Benchmarking script exited with code 255

PHP Fatal error:  Uncaught Error: Call to protected method Tests\E2E\Scopes\Scope::setUp() from global scope in /private/var/folders/rb/_mcfgdss43337_gvkgz360d40000gn/T/PhpBenchSH648y:44
Stack trace:
#0 {main}
  thrown in /private/var/folders/rb/_mcfgdss43337_gvkgz360d40000gn/T/PhpBenchSH648y on line 44

Fatal error: Uncaught Error: Call to protected method Tests\E2E\Scopes\Scope::setUp() from global scope in /private/var/folders/rb/_mcfgdss43337_gvkgz360d40000gn/T/PhpBenchSH648y:44
Stack trace:
#0 {main}
  thrown in /private/var/folders/rb/_mcfgdss43337_gvkgz360d40000gn/T/PhpBenchSH648y on line 44
</error></errors></variant><variant sleep="0" output-time-unit="microseconds" output-time-precision="" output-mode="time" revs="1000" warmup="1" retry-threshold="5"><parameter-set name="100 Files"><parameter name="files" value="100" type="integer"/></parameter-set><errors><error exception-class="PhpBench\Executor\Exception\ExecutionError" code="0" file="/Users/shimon/PhpstormProjects/appwrite/vendor/phpbench/phpbench/lib/Executor/Benchmark/TemplateExecutor.php" line="64">Benchmarking script exited with code 255

PHP Fatal error:  Uncaught Error: Call to protected method Tests\E2E\Scopes\Scope::setUp() from global scope in /private/var/folders/rb/_mcfgdss43337_gvkgz360d40000gn/T/PhpBenchgYYRYt:44
Stack trace:
#0 {main}
  thrown in /private/var/folders/rb/_mcfgdss43337_gvkgz360d40000gn/T/PhpBenchgYYRYt on line 44

Fatal error: Uncaught Error: Call to protected method Tests\E2E\Scopes\Scope::setUp() from global scope in /private/var/folders/rb/_mcfgdss43337_gvkgz360d40000gn/T/PhpBenchgYYRYt:44
Stack trace:
#0 {main}
  thrown in /private/var/folders/rb/_mcfgdss43337_gvkgz360d40000gn/T/PhpBenchgYYRYt on line 44
</error></errors></variant></subject><subject name="benchFileRead"><executor name="remote"><parameter name="php_config" type="collection"/><parameter name="safe_parameters" value="1" type="boolean"/><parameter name="executor" value="remote" type="string"/></executor><variant sleep="0" output-time-unit="microseconds" output-time-precision="" output-mode="time" revs="1000" warmup="1" retry-threshold="5"><parameter-set name=""/><errors><error exception-class="PhpBench\Executor\Exception\ExecutionError" code="0" file="/Users/shimon/PhpstormProjects/appwrite/vendor/phpbench/phpbench/lib/Executor/Benchmark/TemplateExecutor.php" line="64">Benchmarking script exited with code 255

PHP Fatal error:  Uncaught Error: Call to protected method Tests\E2E\Scopes\Scope::setUp() from global scope in /private/var/folders/rb/_mcfgdss43337_gvkgz360d40000gn/T/PhpBench2NHjrk:43
Stack trace:
#0 {main}
  thrown in /private/var/folders/rb/_mcfgdss43337_gvkgz360d40000gn/T/PhpBench2NHjrk on line 43

Fatal error: Uncaught Error: Call to protected method Tests\E2E\Scopes\Scope::setUp() from global scope in /private/var/folders/rb/_mcfgdss43337_gvkgz360d40000gn/T/PhpBench2NHjrk:43
Stack trace:
#0 {main}
  thrown in /private/var/folders/rb/_mcfgdss43337_gvkgz360d40000gn/T/PhpBench2NHjrk on line 43
</error></errors></variant></subject><subject name="benchFileUpdate"><executor name="remote"><parameter name="php_config" type="collection"/><parameter name="safe_parameters" value="1" type="boolean"/><parameter name="executor" value="remote" type="string"/></executor><variant sleep="0" output-time-unit="microseconds" output-time-precision="" output-mode="time" revs="1000" warmup="1" retry-threshold="5"><parameter-set name=""/><errors><error exception-class="PhpBench\Executor\Exception\ExecutionError" code="0" file="/Users/shimon/PhpstormProjects/appwrite/vendor/phpbench/phpbench/lib/Executor/Benchmark/TemplateExecutor.php" line="64">Benchmarking script exited with code 255

PHP Fatal error:  Uncaught Error: Call to protected method Tests\E2E\Scopes\Scope::setUp() from global scope in /private/var/folders/rb/_mcfgdss43337_gvkgz360d40000gn/T/PhpBenchm7gCN2:43
Stack trace:
#0 {main}
  thrown in /private/var/folders/rb/_mcfgdss43337_gvkgz360d40000gn/T/PhpBenchm7gCN2 on line 43

Fatal error: Uncaught Error: Call to protected method Tests\E2E\Scopes\Scope::setUp() from global scope in /private/var/folders/rb/_mcfgdss43337_gvkgz360d40000gn/T/PhpBenchm7gCN2:43
Stack trace:
#0 {main}
  thrown in /private/var/folders/rb/_mcfgdss43337_gvkgz360d40000gn/T/PhpBenchm7gCN2 on line 43
</error></errors></variant></subject></benchmark><benchmark class="\Tests\Benchmarks\Services\Users\UserCustomServerBench"><subject name="benchUserCreate"><executor name="remote"><parameter name="php_config" type="collection"/><parameter name="safe_parameters" value="1" type="boolean"/><parameter name="executor" value="remote" type="string"/></executor><variant sleep="0" output-time-unit="microseconds" output-time-precision="" output-mode="time" revs="1000" warmup="1" retry-threshold="5"><parameter-set name=""/><errors><error exception-class="PhpBench\Executor\Exception\ExecutionError" code="0" file="/Users/shimon/PhpstormProjects/appwrite/vendor/phpbench/phpbench/lib/Executor/Benchmark/TemplateExecutor.php" line="64">Benchmarking script exited with code 255

PHP Fatal error:  Uncaught Error: Call to protected method Tests\E2E\Scopes\Scope::setUp() from global scope in /private/var/folders/rb/_mcfgdss43337_gvkgz360d40000gn/T/PhpBench6cmRFG:41
Stack trace:
#0 {main}
  thrown in /private/var/folders/rb/_mcfgdss43337_gvkgz360d40000gn/T/PhpBench6cmRFG on line 41

Fatal error: Uncaught Error: Call to protected method Tests\E2E\Scopes\Scope::setUp() from global scope in /private/var/folders/rb/_mcfgdss43337_gvkgz360d40000gn/T/PhpBench6cmRFG:41
Stack trace:
#0 {main}
  thrown in /private/var/folders/rb/_mcfgdss43337_gvkgz360d40000gn/T/PhpBench6cmRFG on line 41
</error></errors></variant></subject><subject name="benchUserReadList"><executor name="remote"><parameter name="php_config" type="collection"/><parameter name="safe_parameters" value="1" type="boolean"/><parameter name="executor" value="remote" type="string"/></executor><variant sleep="0" output-time-unit="microseconds" output-time-precision="" output-mode="time" revs="1000" warmup="1" retry-threshold="5"><parameter-set name="1 User"><parameter name="users" value="1" type="integer"/></parameter-set><errors><error exception-class="PhpBench\Executor\Exception\ExecutionError" code="0" file="/Users/shimon/PhpstormProjects/appwrite/vendor/phpbench/phpbench/lib/Executor/Benchmark/TemplateExecutor.php" line="64">Benchmarking script exited with code 255

PHP Fatal error:  Uncaught Error: Call to protected method Tests\E2E\Scopes\Scope::setUp() from global scope in /private/var/folders/rb/_mcfgdss43337_gvkgz360d40000gn/T/PhpBenchv8mDbs:43
Stack trace:
#0 {main}
  thrown in /private/var/folders/rb/_mcfgdss43337_gvkgz360d40000gn/T/PhpBenchv8mDbs on line 43

Fatal error: Uncaught Error: Call to protected method Tests\E2E\Scopes\Scope::setUp() from global scope in /private/var/folders/rb/_mcfgdss43337_gvkgz360d40000gn/T/PhpBenchv8mDbs:43
Stack trace:
#0 {main}
  thrown in /private/var/folders/rb/_mcfgdss43337_gvkgz360d40000gn/T/PhpBenchv8mDbs on line 43
</error></errors></variant><variant sleep="0" output-time-unit="microseconds" output-time-precision="" output-mode="time" revs="1000" warmup="1" retry-threshold="5"><parameter-set name="10 Users"><parameter name="users" value="10" type="integer"/></parameter-set><errors><error exception-class="PhpBench\Executor\Exception\ExecutionError" code="0" file="/Users/shimon/PhpstormProjects/appwrite/vendor/phpbench/phpbench/lib/Executor/Benchmark/TemplateExecutor.php" line="64">Benchmarking script exited with code 255

PHP Fatal error:  Uncaught Error: Call to protected method Tests\E2E\Scopes\Scope::setUp() from global scope in /private/var/folders/rb/_mcfgdss43337_gvkgz360d40000gn/T/PhpBenchl239bh:43
Stack trace:
#0 {main}
  thrown in /private/var/folders/rb/_mcfgdss43337_gvkgz360d40000gn/T/PhpBenchl239bh on line 43

Fatal error: Uncaught Error: Call to protected method Tests\E2E\Scopes\Scope::setUp() from global scope in /private/var/folders/rb/_mcfgdss43337_gvkgz360d40000gn/T/PhpBenchl239bh:43
Stack trace:
#0 {main}
  thrown in /private/var/folders/rb/_mcfgdss43337_gvkgz360d40000gn/T/PhpBenchl239bh on line 43
</error></errors></variant><variant sleep="0" output-time-unit="microseconds" output-time-precision="" output-mode="time" revs="1000" warmup="1" retry-threshold="5"><parameter-set name="100 Users"><parameter name="users" value="100" type="integer"/></parameter-set><errors><error exception-class="PhpBench\Executor\Exception\ExecutionError" code="0" file="/Users/shimon/PhpstormProjects/appwrite/vendor/phpbench/phpbench/lib/Executor/Benchmark/TemplateExecutor.php" line="64">Benchmarking script exited with code 255

PHP Fatal error:  Uncaught Error: Call to protected method Tests\E2E\Scopes\Scope::setUp() from global scope in /private/var/folders/rb/_mcfgdss43337_gvkgz360d40000gn/T/PhpBenchvHefoZ:43
Stack trace:
#0 {main}
  thrown in /private/var/folders/rb/_mcfgdss43337_gvkgz360d40000gn/T/PhpBenchvHefoZ on line 43

Fatal error: Uncaught Error: Call to protected method Tests\E2E\Scopes\Scope::setUp() from global scope in /private/var/folders/rb/_mcfgdss43337_gvkgz360d40000gn/T/PhpBenchvHefoZ:43
Stack trace:
#0 {main}
  thrown in /private/var/folders/rb/_mcfgdss43337_gvkgz360d40000gn/T/PhpBenchvHefoZ on line 43
</error></errors></variant></subject><subject name="benchUserRead"><executor name="remote"><parameter name="php_config" type="collection"/><parameter name="safe_parameters" value="1" type="boolean"/><parameter name="executor" value="remote" type="string"/></executor><variant sleep="0" output-time-unit="microseconds" output-time-precision="" output-mode="time" revs="1000" warmup="1" retry-threshold="5"><parameter-set name=""/><errors><error exception-class="PhpBench\Executor\Exception\ExecutionError" code="0" file="/Users/shimon/PhpstormProjects/appwrite/vendor/phpbench/phpbench/lib/Executor/Benchmark/TemplateExecutor.php" line="64">Benchmarking script exited with code 255

PHP Fatal error:  Uncaught Error: Call to protected method Tests\E2E\Scopes\Scope::setUp() from global scope in /private/var/folders/rb/_mcfgdss43337_gvkgz360d40000gn/T/PhpBench9YrUiF:42
Stack trace:
#0 {main}
  thrown in /private/var/folders/rb/_mcfgdss43337_gvkgz360d40000gn/T/PhpBench9YrUiF on line 42

Fatal error: Uncaught Error: Call to protected method Tests\E2E\Scopes\Scope::setUp() from global scope in /private/var/folders/rb/_mcfgdss43337_gvkgz360d40000gn/T/PhpBench9YrUiF:42
Stack trace:
#0 {main}
  thrown in /private/var/folders/rb/_mcfgdss43337_gvkgz360d40000gn/T/PhpBench9YrUiF on line 42
</error></errors></variant></subject><subject name="benchUserUpdate"><executor name="remote"><parameter name="php_config" type="collection"/><parameter name="safe_parameters" value="1" type="boolean"/><parameter name="executor" value="remote" type="string"/></executor><variant sleep="0" output-time-unit="microseconds" output-time-precision="" output-mode="time" revs="1000" warmup="1" retry-threshold="5"><parameter-set name=""/><errors><error exception-class="PhpBench\Executor\Exception\ExecutionError" code="0" file="/Users/shimon/PhpstormProjects/appwrite/vendor/phpbench/phpbench/lib/Executor/Benchmark/TemplateExecutor.php" line="64">Benchmarking script exited with code 255

PHP Fatal error:  Uncaught Error: Call to protected method Tests\E2E\Scopes\Scope::setUp() from global scope in /private/var/folders/rb/_mcfgdss43337_gvkgz360d40000gn/T/PhpBenchAj9ZeN:42
Stack trace:
#0 {main}
  thrown in /private/var/folders/rb/_mcfgdss43337_gvkgz360d40000gn/T/PhpBenchAj9ZeN on line 42

Fatal error: Uncaught Error: Call to protected method Tests\E2E\Scopes\Scope::setUp() from global scope in /private/var/folders/rb/_mcfgdss43337_gvkgz360d40000gn/T/PhpBenchAj9ZeN:42
Stack trace:
#0 {main}
  thrown in /private/var/folders/rb/_mcfgdss43337_gvkgz360d40000gn/T/PhpBenchAj9ZeN on line 42
</error></errors></variant></subject></benchmark><benchmark class="\Tests\Benchmarks\Services\Functions\FunctionsCustomServerBench"><subject name="benchExecutionCreate"><executor name="remote"><parameter name="php_config" type="collection"/><parameter name="safe_parameters" value="1" type="boolean"/><parameter name="executor" value="remote" type="string"/></executor><variant sleep="0" output-time-unit="microseconds" output-time-precision="" output-mode="time" revs="1000" warmup="1" retry-threshold="5"><parameter-set name=""/><errors><error exception-class="PhpBench\Executor\Exception\ExecutionError" code="0" file="/Users/shimon/PhpstormProjects/appwrite/vendor/phpbench/phpbench/lib/Executor/Benchmark/TemplateExecutor.php" line="64">Benchmarking script exited with code 255

PHP Fatal error:  Uncaught Error: Call to protected method Tests\E2E\Scopes\Scope::setUp() from global scope in /private/var/folders/rb/_mcfgdss43337_gvkgz360d40000gn/T/PhpBenchnXBGgm:45
Stack trace:
#0 {main}
  thrown in /private/var/folders/rb/_mcfgdss43337_gvkgz360d40000gn/T/PhpBenchnXBGgm on line 45

Fatal error: Uncaught Error: Call to protected method Tests\E2E\Scopes\Scope::setUp() from global scope in /private/var/folders/rb/_mcfgdss43337_gvkgz360d40000gn/T/PhpBenchnXBGgm:45
Stack trace:
#0 {main}
  thrown in /private/var/folders/rb/_mcfgdss43337_gvkgz360d40000gn/T/PhpBenchnXBGgm on line 45
</error></errors></variant></subject><subject name="benchDeploymentCreate"><executor name="remote"><parameter name="php_config" type="collection"/><parameter name="safe_parameters" value="1" type="boolean"/><parameter name="executor" value="remote" type="string"/></executor><variant sleep="0" output-time-unit="microseconds" output-time-precision="" output-mode="time" revs="1" warmup="1" retry-threshold="5"><parameter-set name=""/><errors><error exception-class="PhpBench\Executor\Exception\ExecutionError" code="0" file="/Users/shimon/PhpstormProjects/appwrite/vendor/phpbench/phpbench/lib/Executor/Benchmark/TemplateExecutor.php" line="64">Benchmarking script exited with code 255

PHP Fatal error:  Uncaught Error: Call to protected method Tests\E2E\Scopes\Scope::setUp() from global scope in /private/var/folders/rb/_mcfgdss43337_gvkgz360d40000gn/T/PhpBench4Ap42h:43
Stack trace:
#0 {main}
  thrown in /private/var/folders/rb/_mcfgdss43337_gvkgz360d40000gn/T/PhpBench4Ap42h on line 43

Fatal error: Uncaught Error: Call to protected method Tests\E2E\Scopes\Scope::setUp() from global scope in /private/var/folders/rb/_mcfgdss43337_gvkgz360d40000gn/T/PhpBench4Ap42h:43
Stack trace:
#0 {main}
  thrown in /private/var/folders/rb/_mcfgdss43337_gvkgz360d40000gn/T/PhpBench4Ap42h on line 43
</error></errors></variant></subject></benchmark><benchmark class="\Tests\Benchmarks\Services\Functions\FunctionsCustomClientBench"><subject name="benchExecutionCreate"><executor name="remote"><parameter name="php_config" type="collection"/><parameter name="safe_parameters" value="1" type="boolean"/><parameter name="executor" value="remote" type="string"/></executor><variant sleep="0" output-time-unit="microseconds" output-time-precision="" output-mode="time" revs="1000" warmup="1" retry-threshold="5"><parameter-set name=""/><errors><error exception-class="PhpBench\Executor\Exception\ExecutionError" code="0" file="/Users/shimon/PhpstormProjects/appwrite/vendor/phpbench/phpbench/lib/Executor/Benchmark/TemplateExecutor.php" line="64">Benchmarking script exited with code 255

PHP Fatal error:  Uncaught Error: Call to protected method Tests\E2E\Scopes\Scope::setUp() from global scope in /private/var/folders/rb/_mcfgdss43337_gvkgz360d40000gn/T/PhpBench3cH9rJ:45
Stack trace:
#0 {main}
  thrown in /private/var/folders/rb/_mcfgdss43337_gvkgz360d40000gn/T/PhpBench3cH9rJ on line 45

Fatal error: Uncaught Error: Call to protected method Tests\E2E\Scopes\Scope::setUp() from global scope in /private/var/folders/rb/_mcfgdss43337_gvkgz360d40000gn/T/PhpBench3cH9rJ:45
Stack trace:
#0 {main}
  thrown in /private/var/folders/rb/_mcfgdss43337_gvkgz360d40000gn/T/PhpBench3cH9rJ on line 45
</error></errors></variant></subject></benchmark></suite></phpbench>
